15:16:57 [6]: Using log file: "/root/.cache/calamares/session.log" 
15:16:57 [6]: Using Calamares settings file at "/usr/share/calamares/settings.conf" 
15:16:57 [6]: Using Calamares branding file at "/usr/share/calamares/branding/kaos_branding/branding.desc" 
15:16:57 [6]: Loaded branding component "kaos_branding" 
15:16:57 [6]: STARTUP: initQmlPath, initSettings, initBranding done 
15:16:57 [6]: STARTUP: initModuleManager: module init started 
15:16:57 [6]: STARTUP: initModuleManager: all modules init done 
15:16:57 [6]: STARTUP: initJobQueue done 
15:16:57 [6]: Available size QSize(1560, 900) 
15:16:57 [6]:   Proposed window size: 1080 648 
15:16:57 [6]: STARTUP: CalamaresWindow created; loadModules started 
15:16:57 [6]: Matching exact locale QLocale(English, Latin, UnitedStates) 
15:16:57 [6]:  .. Matched locale  "en_US" 
15:16:57 [6]: Looking for translations for "en_US" 
15:16:57 [6]:  .. Branding using default, system locale not found: "en_US" 
15:16:57 [6]:  .. Calamares using default, system locale not found: "en_US" 
15:16:57 [6]: Welcome string false "KaOS 2018.06" 
15:16:57 [6]: ViewModule "welcome@welcome" loading complete. 
15:16:57 [0]: libpng warning: iCCP: known incorrect sRGB profile
15:16:57 [0]: libpng warning: iCCP: known incorrect sRGB profile
15:16:57 [6]: ViewModule "webview@webview" loading complete. 
15:16:57 [2]: WARNING: guessLocaleConfiguration can't guess from an empty list. 
15:16:57 [6]: ViewModule "locale@locale" loading complete. 
15:16:57 [6]: ViewModule "keyboard@keyboard" loading complete. 
15:16:57 [8]: Loaded backend plugin:  "pmlibpartedbackendplugin"
15:16:57 [6]: ViewModule "partition@partition" loading complete. 
15:16:57 [2]: WARNING: Unknown password-check key "libpwquality" 
15:16:57 [6]: ViewModule "users@users" loading complete. 
15:16:57 [6]: ViewModule "summary@summary" loading complete. 
15:16:57 [6]: Module "partition@partition" already loaded. 
15:16:57 [6]: QML import paths: 
     "/usr/share/calamares/qml" 
     "/usr/bin" 
     "qrc:/qt-project.org/imports" 
     "/usr/lib/qt5/qml" 
15:16:57 [6]: Module "locale@locale" already loaded. 
15:16:57 [6]: Module "keyboard@keyboard" already loaded. 
15:16:57 [6]: Module "users@users" already loaded. 
15:16:57 [6]: ViewModule "finished@finished" loading complete. 
15:16:57 [6]: STARTUP: loadModules for all modules done 
15:16:58 [6]: STARTUP: Window now visible and ProgressTreeView populated 
15:16:58 [6]: Need at least storage bytes: 10737418240 
15:16:58 [6]: Need at least ram bytes: 1073741824 
15:16:58 [6]: A battery exists, checking for mains power. 
15:16:58 [6]: RequirementsChecker output: 
     enoughStorage :   true 
     enoughRam :   true 
     hasPower :   true 
     hasInternet :   false 
     isRoot :   true 
15:16:58 [6]: xkbmap selection changed to:  "es" - "deadtilde" 
20:16:59 [2]: WARNING: guessLocaleConfiguration can't guess from an empty list. 
15:16:59 [2]: WARNING: guessLocaleConfiguration can't guess from an empty list. 
15:16:59 [2]: WARNING: guessLocaleConfiguration can't guess from an empty list. 
15:16:59 [2]: WARNING: guessLocaleConfiguration can't guess from an empty list. 
15:17:03 [0]: blkid: unknown file system type  ""  on  "/dev/sda2"
15:17:03 [6]: Selected locale QLocale(Spanish, Latin, Spain) 
15:17:03 [6]: Looking for translations for "es_ES" 
15:17:03 [6]:  .. Branding using locale: "es_ES" 
15:17:03 [6]:  .. Calamares using locale: "es_ES" 
15:17:03 [8]: getting smart status failed for  "/dev/sdb" :  Operation not supported
15:17:04 [6]: Removing unsuitable devices: 2 candidates. 
15:17:05 [6]:   .. Removing device with iso9660 filesystem (probably a CD) on it "/dev/sdb" 
15:17:05 [6]: LIST OF DETECTED DEVICES: 
15:17:05 [6]: node	capacity	name	prettyName 
15:17:05 [6]: "/dev/sda" 640132416000 "ATA TOSHIBA MK6475GS" "ATA TOSHIBA MK6475GS – 596,17 GiB (/dev/sda)" 
15:17:05 [6]: .. 1 devices detected. 
15:17:10 [6]: checking if "/dev/sda5" can be resized. 
15:17:10 [6]: "/dev/sda5" seems like a good path 
15:17:10 [6]: found Partition* for "/dev/sda5" 
15:17:10 [6]: "Osprober lines, clean:\n/dev/sda5:KaOS (rolling):KaOS:linux" 
15:17:10 [6]: Updating partitioning state widgets. 
15:17:10 [0]: QObject::setParent: Cannot set parent, new parent is in a different thread
15:17:10 [6]: Required  storage B: 11274289152 "(10GB)" 
15:17:10 [6]: Storage capacity  B: 1023000064 "(0GB)" for "/dev/sda1"    length: 1998047 
15:17:10 [6]: Required  storage B: 11274289152 "(10GB)" 
15:17:10 [6]: Storage capacity  B: 1457664 "(0GB)" for ""    length: 2847 
15:17:10 [6]: Required  storage B: 13421772800 "(12.5GB)" 
15:17:10 [6]: Available storage B: 1048576 "(0GB)" for "/dev/sda2"    length: 199997442    sectorsUsed: 199995394    fsType: "extended" 
15:17:10 [6]: Required  storage B: 11274289152 "(10GB)" 
15:17:10 [6]: Storage capacity  B: 102398690304 "(95GB)" for "/dev/sda2"    length: 199997442 
15:17:10 [6]: Partition "/dev/sda2" authorized for replace install. 
15:17:10 [6]: Required  storage B: 11274289152 "(10GB)" 
15:17:10 [6]: Storage capacity  B: 102397641728 "(95GB)" for "/dev/sda5"    length: 199995394 
15:17:10 [6]: Partition "/dev/sda5" authorized for replace install. 
15:17:10 [6]: Required  storage B: 11274289152 "(10GB)" 
15:17:10 [6]: Storage capacity  B: 534662610944 "(497GB)" for "/dev/sda4"    length: 1044262912 
15:17:10 [6]: Partition "/dev/sda4" authorized for replace install. 
15:17:10 [6]: Required  storage B: 11274289152 "(10GB)" 
15:17:10 [6]: Storage capacity  B: 2047868928 "(1GB)" for "/dev/sda3"    length: 3999744 
15:17:10 [6]: Updating partitioning preview widgets. 
15:17:12 [6]: Got locale language "es_ES.UTF-8" 
15:17:12 [6]:  .. extracted country "Spain" :: ("es", "ES") 
15:17:12 [6]:    .. looking for locale part "ES" 
15:17:12 [6]:    .. matched "es" 
15:17:12 [6]: Next level: "es" 
15:17:18 [6]: Updating partitioning preview widgets. 
15:17:20 [6]: Choice applied:  4 
15:17:30 [6]: old boundaries: 2048 2000094 1998047 
15:17:30 [6]: new boundaries: 2048 2000094 
15:17:30 [6]: dirty status: false 
15:17:40 [6]: old boundaries: 2004990 202000383 199995394 
15:17:40 [6]: new boundaries: 2004990 202000383 
15:17:40 [6]: dirty status: false 
15:17:48 [6]: old boundaries: 202000384 1246263295 1044262912 
15:17:48 [6]: new boundaries: 202000384 1246263295 
15:17:48 [6]: dirty status: false 
15:17:50 [2]: WARNING: "No hay partición de sistema EFI configurada" 
15:18:21 [6]: old boundaries: 2048 2000094 1998047 
15:18:21 [6]: new boundaries: 2048 2000094 
15:18:21 [6]: dirty status: false 
15:18:55 [0]: QLayout: Attempting to add QLayout "" to QWidget "", which already has a layout
15:18:55 [0]: QObject::setParent: Cannot set parent, new parent is in a different thread
15:18:55 [6]: Creating FillGlobalStorageJob with bootLoader path "" 
15:18:55 [6]: PartitionCodeModule has been asked for jobs. About to return: "Limpiar todos los montajes temporales.\nLimpiar montajes para las operaciones de particionado en /dev/sda\nFormatear partición /dev/sda1 (sistema de archivos: fat32, tamaño: 975 MB) en ATA TOSHIBA MK6475GS.\nFormatear partición /dev/sda5 (sistema de archivos: xfs, tamaño: 97654 MB) en ATA TOSHIBA MK6475GS.\nFormatear partición /dev/sda1 (sistema de archivos: fat32, tamaño: 975 MB) en ATA TOSHIBA MK6475GS.\nConfigurar indicadores en partición /dev/sda1.\nEstablecer la información de la partición" 
15:18:55 [6]: Gathering UUIDs for partitions that exist now. 
15:18:56 [6]: QHash(("/dev/sda3", "d275d92f-9990-4bf8-8a47-dc8c0839fe4b")("/dev/sda5", "535c37b3-4608-4f0b-824c-7d0e38ae406c")("/dev/sda2", "")("/dev/sda4", "09d6e6f9-1bdb-4902-8fec-7f3d94d511d0")("/dev/sda1", "0168-3CF1")("", "")) 
15:18:56 [6]: Writing to GlobalStorage["partitions"] 
15:18:56 [6]: "/dev/sda1" mtpoint: "/boot" fs: QVariant(QString, "fat32") ( QVariant(QString, "fat32") ) "0168-3CF1" 
15:18:56 [6]: "" mtpoint: "" fs: QVariant(QString, "unknown") ( QVariant(QString, "unknown") ) "" 
15:18:56 [6]: "/dev/sda2" mtpoint: "" fs: QVariant(QString, "extended") ( QVariant(QString, "extended") ) "" 
15:18:56 [6]: "/dev/sda5" mtpoint: "/" fs: QVariant(QString, "xfs") ( QVariant(QString, "xfs") ) "535c37b3-4608-4f0b-824c-7d0e38ae406c" 
15:18:56 [6]: "/dev/sda4" mtpoint: "/home" fs: QVariant(QString, "ext4") ( QVariant(QString, "ext4") ) "09d6e6f9-1bdb-4902-8fec-7f3d94d511d0" 
15:18:56 [6]: "/dev/sda3" mtpoint: "" fs: QVariant(QString, "linuxswap") ( QVariant(QString, "linuxswap") ) "d275d92f-9990-4bf8-8a47-dc8c0839fe4b" 
15:18:56 [8]: QVariant(QString, "0168-3CF1") "/dev/sda1" "/boot" "fat32"
15:18:56 [8]: QVariant(QString, "") "" "" "unknown"
15:18:56 [8]: QVariant(QString, "") "/dev/sda2" "" "extended"
15:18:56 [8]: QVariant(QString, "535c37b3-4608-4f0b-824c-7d0e38ae406c") "/dev/sda5" "/" "xfs"
15:18:56 [8]: QVariant(QString, "09d6e6f9-1bdb-4902-8fec-7f3d94d511d0") "/dev/sda4" "/home" "ext4"
15:18:56 [8]: QVariant(QString, "d275d92f-9990-4bf8-8a47-dc8c0839fe4b") "/dev/sda3" "" "linuxswap"
15:18:56 [6]: Gathering UUIDs for partitions that exist now. 
15:18:56 [6]: QHash(("/dev/sda3", "d275d92f-9990-4bf8-8a47-dc8c0839fe4b")("/dev/sda5", "535c37b3-4608-4f0b-824c-7d0e38ae406c")("/dev/sda2", "")("/dev/sda4", "09d6e6f9-1bdb-4902-8fec-7f3d94d511d0")("/dev/sda1", "0168-3CF1")("", "")) 
15:18:56 [6]: Writing to GlobalStorage["partitions"] 
15:18:56 [6]: "/dev/sda1" mtpoint: "/boot" fs: QVariant(QString, "fat32") ( QVariant(QString, "fat32") ) "0168-3CF1" 
15:18:56 [6]: "" mtpoint: "" fs: QVariant(QString, "unknown") ( QVariant(QString, "unknown") ) "" 
15:18:56 [6]: "/dev/sda2" mtpoint: "" fs: QVariant(QString, "extended") ( QVariant(QString, "extended") ) "" 
15:18:56 [6]: "/dev/sda5" mtpoint: "/" fs: QVariant(QString, "xfs") ( QVariant(QString, "xfs") ) "535c37b3-4608-4f0b-824c-7d0e38ae406c" 
15:18:56 [6]: "/dev/sda4" mtpoint: "/home" fs: QVariant(QString, "ext4") ( QVariant(QString, "ext4") ) "09d6e6f9-1bdb-4902-8fec-7f3d94d511d0" 
15:18:56 [6]: "/dev/sda3" mtpoint: "" fs: QVariant(QString, "linuxswap") ( QVariant(QString, "linuxswap") ) "d275d92f-9990-4bf8-8a47-dc8c0839fe4b" 
15:18:56 [8]: QVariant(QString, "0168-3CF1") "/dev/sda1" "/boot" "fat32"
15:18:56 [8]: QVariant(QString, "") "" "" "unknown"
15:18:56 [8]: QVariant(QString, "") "/dev/sda2" "" "extended"
15:18:56 [8]: QVariant(QString, "535c37b3-4608-4f0b-824c-7d0e38ae406c") "/dev/sda5" "/" "xfs"
15:18:56 [8]: QVariant(QString, "09d6e6f9-1bdb-4902-8fec-7f3d94d511d0") "/dev/sda4" "/home" "ext4"
15:18:56 [8]: QVariant(QString, "d275d92f-9990-4bf8-8a47-dc8c0839fe4b") "/dev/sda3" "" "linuxswap"
15:18:56 [6]: Summary widget is larger than viewport, enlarge by 63 to QSize(878, 659) 
15:19:29 [6]: Creating FillGlobalStorageJob with bootLoader path "" 
15:19:29 [6]: PartitionCodeModule has been asked for jobs. About to return: "Limpiar todos los montajes temporales.\nLimpiar montajes para las operaciones de particionado en /dev/sda\nFormatear partición /dev/sda1 (sistema de archivos: fat32, tamaño: 975 MB) en ATA TOSHIBA MK6475GS.\nFormatear partición /dev/sda5 (sistema de archivos: xfs, tamaño: 97654 MB) en ATA TOSHIBA MK6475GS.\nFormatear partición /dev/sda1 (sistema de archivos: fat32, tamaño: 975 MB) en ATA TOSHIBA MK6475GS.\nConfigurar indicadores en partición /dev/sda1.\nEstablecer la información de la partición" 
15:19:29 [6]: Starting job "Limpiar todos los montajes temporales." 
15:19:29 [6]: Opened mtab. Lines: 
15:19:29 [6]: "proc /proc proc rw,nosuid,nodev,noexec,relatime 0 0" 
15:19:29 [6]: "sys /sys sysfs rw,nosuid,nodev,noexec,relatime 0 0" 
15:19:29 [6]: "dev /dev devtmpfs rw,nosuid,relatime,size=1931704k,nr_inodes=482926,mode=755 0 0" 
15:19:29 [6]: "run /run tmpfs rw,nosuid,nodev,relatime,mode=755 0 0" 
15:19:29 [6]: "efivarfs /sys/firmware/efi/efivars efivarfs rw,nosuid,nodev,noexec,relatime 0 0" 
15:19:29 [6]: "union / aufs rw,relatime,si=61fe7feeb9c23ccd 0 0" 
15:19:29 [6]: "/dev/sdb1 /bootmnt iso9660 ro,relatime,nojoliet,check=s,map=n,blocksize=2048,iocharset=default 0 0" 
15:19:29 [6]: "securityfs /sys/kernel/security securityfs rw,nosuid,nodev,noexec,relatime 0 0" 
15:19:29 [6]: "tmpfs /dev/shm tmpfs rw,nosuid,nodev 0 0" 
15:19:29 [6]: "devpts /dev/pts devpts rw,nosuid,noexec,relatime,gid=5,mode=620,ptmxmode=000 0 0" 
15:19:29 [6]: "tmpfs /sys/fs/cgroup tmpfs ro,nosuid,nodev,noexec,mode=755 0 0" 
15:19:29 [6]: "cgroup2 /sys/fs/cgroup/unified cgroup2 rw,nosuid,nodev,noexec,relatime,nsdelegate 0 0" 
15:19:29 [6]: "cgroup /sys/fs/cgroup/systemd cgroup rw,nosuid,nodev,noexec,relatime,xattr,name=systemd 0 0" 
15:19:29 [6]: "pstore /sys/fs/pstore pstore rw,nosuid,nodev,noexec,relatime 0 0" 
15:19:29 [6]: "bpf /sys/fs/bpf bpf rw,nosuid,nodev,noexec,relatime,mode=700 0 0" 
15:19:29 [6]: "cgroup /sys/fs/cgroup/net_cls,net_prio cgroup rw,nosuid,nodev,noexec,relatime,net_cls,net_prio 0 0" 
15:19:29 [6]: "cgroup /sys/fs/cgroup/devices cgroup rw,nosuid,nodev,noexec,relatime,devices 0 0" 
15:19:29 [6]: "cgroup /sys/fs/cgroup/freezer cgroup rw,nosuid,nodev,noexec,relatime,freezer 0 0" 
15:19:29 [6]: "cgroup /sys/fs/cgroup/perf_event cgroup rw,nosuid,nodev,noexec,relatime,perf_event 0 0" 
15:19:29 [6]: "cgroup /sys/fs/cgroup/pids cgroup rw,nosuid,nodev,noexec,relatime,pids 0 0" 
15:19:29 [6]: "cgroup /sys/fs/cgroup/cpu,cpuacct cgroup rw,nosuid,nodev,noexec,relatime,cpu,cpuacct 0 0" 
15:19:29 [6]: "cgroup /sys/fs/cgroup/blkio cgroup rw,nosuid,nodev,noexec,relatime,blkio 0 0" 
15:19:29 [6]: "cgroup /sys/fs/cgroup/cpuset cgroup rw,nosuid,nodev,noexec,relatime,cpuset 0 0" 
15:19:29 [6]: "cgroup /sys/fs/cgroup/memory cgroup rw,nosuid,nodev,noexec,relatime,memory 0 0" 
15:19:29 [6]: "systemd-1 /proc/sys/fs/binfmt_misc autofs rw,relatime,fd=38,pgrp=1,timeout=0,minproto=5,maxproto=5,direct 0 0" 
15:19:29 [6]: "hugetlbfs /dev/hugepages hugetlbfs rw,relatime,pagesize=2M 0 0" 
15:19:29 [6]: "debugfs /sys/kernel/debug debugfs rw,relatime 0 0" 
15:19:29 [6]: "mqueue /dev/mqueue mqueue rw,relatime 0 0" 
15:19:29 [6]: "configfs /sys/kernel/config configfs rw,relatime 0 0" 
15:19:29 [6]: "tmpfs /tmp tmpfs rw,nosuid,nodev,relatime 0 0" 
15:19:29 [6]: "tmpfs /run/user/1000 tmpfs rw,nosuid,nodev,relatime,size=388888k,mode=700,uid=1000,gid=100 0 0" 
15:19:29 [6]: "fusectl /sys/fs/fuse/connections fusectl rw,relatime 0 0" 
15:19:29 [6]: ClearTempMountsJob finished. Here's what was done:
 "" 
15:19:29 [6]: Starting job "Limpiar montajes para las operaciones de particionado en /dev/sda" 
15:19:31 [6]: ClearMountsJob finished. Here's what was done:
 "Successfully cleared swap /dev/sda3." 
15:19:31 [6]: Starting job "Formatear partición /dev/sda1 (sistema de archivos: fat32, tamaño: 975 MB) en ATA TOSHIBA MK6475GS." 
15:19:37 [6]: Starting job "Formatear partición /dev/sda5 (sistema de archivos: xfs, tamaño: 97654 MB) en ATA TOSHIBA MK6475GS." 
15:19:46 [6]: Starting job "Formatear partición /dev/sda1 (sistema de archivos: fat32, tamaño: 975 MB) en ATA TOSHIBA MK6475GS." 
15:19:51 [6]: Starting job "Configurar indicadores en partición /dev/sda1." 
15:19:54 [6]: Starting job "Establecer la información de la partición" 
15:19:54 [6]: Gathering UUIDs for partitions that exist now. 
15:19:54 [6]: QHash(("/dev/sda3", "d275d92f-9990-4bf8-8a47-dc8c0839fe4b")("/dev/sda5", "ab4ce4af-5860-460e-bbf9-492b4da58f99")("/dev/sda2", "")("/dev/sda4", "09d6e6f9-1bdb-4902-8fec-7f3d94d511d0")("/dev/sda1", "1D4C-77F9")("", "")) 
15:19:54 [6]: Writing to GlobalStorage["partitions"] 
15:19:54 [6]: "/dev/sda1" mtpoint: "/boot" fs: QVariant(QString, "fat32") ( QVariant(QString, "fat32") ) "1D4C-77F9" 
15:19:54 [6]: "" mtpoint: "" fs: QVariant(QString, "unknown") ( QVariant(QString, "unknown") ) "" 
15:19:54 [6]: "/dev/sda2" mtpoint: "" fs: QVariant(QString, "extended") ( QVariant(QString, "extended") ) "" 
15:19:54 [6]: "/dev/sda5" mtpoint: "/" fs: QVariant(QString, "xfs") ( QVariant(QString, "xfs") ) "ab4ce4af-5860-460e-bbf9-492b4da58f99" 
15:19:54 [6]: "/dev/sda4" mtpoint: "/home" fs: QVariant(QString, "ext4") ( QVariant(QString, "ext4") ) "09d6e6f9-1bdb-4902-8fec-7f3d94d511d0" 
15:19:54 [6]: "/dev/sda3" mtpoint: "" fs: QVariant(QString, "linuxswap") ( QVariant(QString, "linuxswap") ) "d275d92f-9990-4bf8-8a47-dc8c0839fe4b" 
15:19:54 [6]: FillGlobalStorageJob writing empty bootLoader value 
15:19:54 [6]: Starting job "mount" 
15:19:54 [6]: Job file "/usr/lib/calamares/modules/mount/main.py" 
15:19:54 [6]: Job description from __doc__ "mount" = "Define mountpoints." 
15:19:55 [6]: Starting job "unpackfs" 
15:19:55 [6]: Job file "/usr/lib/calamares/modules/unpackfs/main.py" 
15:19:55 [6]: Job description from __doc__ "unpackfs" = "Unsquash filesystem." 
15:33:34 [6]: Starting job "machineid" 
15:33:35 [6]: Standard paths ("/home/live", "/usr/bin", "/usr/share/locale") 
15:33:35 [6]: Checking "es_ES.UTF-8" in "/home/live" 
15:33:35 [6]: Checking "es_ES.UTF-8" in "/usr/bin" 
15:33:35 [6]: Checking "es_ES.UTF-8" in "/usr/share/locale" 
15:33:35 [6]: Checking "es_ES" in "/home/live" 
15:33:35 [6]: Checking "es_ES" in "/usr/bin" 
15:33:35 [6]: Checking "es_ES" in "/usr/share/locale" 
15:33:35 [6]: Job file "/usr/lib/calamares/modules/machineid/main.py" 
15:33:35 [6]: Job description from pretty_name "machineid" = "Generar identificación-de-maquina." 
15:33:36 [6]: Running "chroot" ("/tmp/calamares-root-nv2qvwd3", "systemd-machine-id-setup") 
15:33:39 [6]: Finished. Exit code: 0 
15:33:39 [6]: Target cmd: ("systemd-machine-id-setup") 
15:33:39 [6]: Target output:
Initializing machine ID from random generator.
15:33:39 [6]: Running "chroot" ("/tmp/calamares-root-nv2qvwd3", "ln", "-s", "/etc/machine-id", "/var/lib/dbus/machine-id") 
15:33:39 [6]: Finished. Exit code: 0 
15:33:39 [6]: Target cmd: ("ln", "-s", "/etc/machine-id", "/var/lib/dbus/machine-id") 
15:33:39 [6]: Target output:

15:33:39 [6]: Starting job "fstab" 
15:33:39 [6]: Job file "/usr/lib/calamares/modules/fstab/main.py" 
15:33:39 [6]: Job description from __doc__ "fstab" = "Configures fstab." 
15:33:39 [6]: Starting job "Establecer el uso horario a AmericaHavana" 
15:33:39 [6]: Running "chroot" ("/tmp/calamares-root-nv2qvwd3", "rm", "-f", "/etc/localtime") 
15:33:39 [6]: Finished. Exit code: 0 
15:33:39 [6]: Target cmd: ("rm", "-f", "/etc/localtime") 
15:33:39 [6]: Target output:

15:33:39 [6]: Running "chroot" ("/tmp/calamares-root-nv2qvwd3", "ln", "-s", "/usr/share/zoneinfo/America/Havana", "/etc/localtime") 
15:33:39 [6]: Finished. Exit code: 0 
15:33:39 [6]: Target cmd: ("ln", "-s", "/usr/share/zoneinfo/America/Havana", "/etc/localtime") 
15:33:39 [6]: Target output:

15:33:39 [0]: QString::arg: Argument missing: Establecer el modelo de teclado a % 1, la disposición a pc105-es, deadtilde
15:33:39 [6]: Starting job "Establecer el modelo de teclado a % 1, la disposición a pc105-es" 
15:33:39 [6]: Executing SetKeyboardLayoutJob 
15:33:39 [6]: Found legacy keymap "es" with score 11 
15:33:39 [6]: Written KEYMAP= "es" to vconsole.conf 
15:33:39 [6]: Written XkbLayout "es" ; XkbModel "pc105" ; XkbVariant "deadtilde" to X.org file "/tmp/calamares-root-nv2qvwd3/etc/X11/xorg.conf.d/00-keyboard.conf" 
15:33:39 [6]: Starting job "localecfg" 
15:33:39 [6]: Job file "/usr/lib/calamares/modules/localecfg/main.py" 
15:33:39 [6]: Job description from __doc__ "localecfg" = "Create locale" 
15:33:39 [6]: Running "chroot" ("/tmp/calamares-root-nv2qvwd3", "locale-gen") 
15:33:42 [6]: Finished. Exit code: 0 
15:33:42 [6]: Target cmd: ("locale-gen") 
15:33:42 [6]: Target output:
Generating locales...
  en_US.UTF-8... done
  es_ES.UTF-8... done
Generation complete.
15:33:42 [6]: Starting job "luksbootkeyfile" 
15:33:42 [6]: Job file "/usr/lib/calamares/modules/luksbootkeyfile/main.py" 
15:33:42 [6]: Job description from __doc__ "luksbootkeyfile" = "This module sets up a file crypto_keyfile.bin on the rootfs, assuming the" 
15:33:42 [6]: Starting job "luksopenswaphookcfg" 
15:33:42 [6]: Job file "/usr/lib/calamares/modules/luksopenswaphookcfg/main.py" 
15:33:42 [6]: Job description from __doc__ "luksopenswaphookcfg" = "This module sets up the openswap hook for a resumable encrypted swap." 
15:33:42 [6]: Starting job "initcpiocfg" 
15:33:42 [6]: Job file "/usr/lib/calamares/modules/initcpiocfg/main.py" 
15:33:42 [6]: Job description from __doc__ "initcpiocfg" = "Calls routine with given parameters to modify '/etc/mkinitcpio.conf'." 
15:33:42 [6]: Starting job "hardwr" 
15:33:42 [6]: Job file "/usr/lib/calamares/modules/hardwr/main.py" 
15:33:42 [6]: Job description from __doc__ "hardwr" = "Run mkinitcpio" 
15:33:42 [6]: Running "chroot" ("/tmp/calamares-root-nv2qvwd3", "mkinitcpio", "-p", "linux") 
15:34:10 [6]: Finished. Exit code: 0 
15:34:10 [6]: Target cmd: ("mkinitcpio", "-p", "linux") 
15:34:10 [6]: Target output:
==> Building image from preset: /etc/mkinitcpio.d/linux.preset: 'default'
  -> -k /boot/vmlinuz-linux -c /etc/mkinitcpio.conf -g /boot/initramfs-linux.img
==> Starting build: 4.16.14-1
  -> Running build hook: [base]
  -> Running build hook: [udev]
  -> Running build hook: [autodetect]
  -> Running build hook: [modconf]
  -> Running build hook: [block]
  -> Running build hook: [keyboard]
  -> Running build hook: [keymap]
  -> Running build hook: [resume]
  -> Running build hook: [filesystems]
  -> Running build hook: [fsck]
==> Generating module dependencies
==> Creating gzip-compressed initcpio image: /boot/initramfs-linux.img
==> Image generation successful
==> Building image from preset: /etc/mkinitcpio.d/linux.preset: 'fallback'
  -> -k /boot/vmlinuz-linux -c /etc/mkinitcpio.conf -g /boot/initramfs-linux-fallback.img -S autodetect
==> Starting build: 4.16.14-1
  -> Running build hook: [base]
  -> Running build hook: [udev]
  -> Running build hook: [modconf]
  -> Running build hook: [block]
==> WARNING: Possibly missing firmware for module: aic94xx
==> WARNING: Possibly missing firmware for module: wd719x
  -> Running build hook: [keyboard]
  -> Running build hook: [keymap]
  -> Running build hook: [resume]
  -> Running build hook: [filesystems]
  -> Running build hook: [fsck]
==> Generating module dependencies
==> Creating gzip-compressed initcpio image: /boot/initramfs-linux-fallback.img
==> Image generation successful
15:34:10 [6]: Running "chroot" ("/tmp/calamares-root-nv2qvwd3", "hwclock", "--systohc", "--utc") 
15:34:10 [6]: Finished. Exit code: 0 
15:34:10 [6]: Target cmd: ("hwclock", "--systohc", "--utc") 
15:34:10 [6]: Target output:

15:34:10 [6]: [PYTHON JOB]:  "Hwclock set using RTC method." 
15:34:10 [6]: Running "chroot" ("/tmp/calamares-root-nv2qvwd3", "/usr/bin/mkdir", "-p", "/tmp/calamares-root-nv2qvwd3/etc/modprobe.d") 
15:34:10 [6]: Finished. Exit code: 0 
15:34:10 [6]: Target cmd: ("/usr/bin/mkdir", "-p", "/tmp/calamares-root-nv2qvwd3/etc/modprobe.d") 
15:34:10 [6]: Target output:

15:34:10 [6]: Starting job "Crear usuario mike" 
15:34:10 [6]: Running "chroot" ("/tmp/calamares-root-nv2qvwd3", "useradd", "-m", "-U", "-s", "/bin/bash", "-c", "Maikel", "mike") 
15:34:12 [6]: Finished. Exit code: 0 
15:34:12 [6]: Target cmd: ("useradd", "-m", "-U", "-s", "/bin/bash", "-c", "Maikel", "mike") 
15:34:12 [6]: Target output:
useradd: warning: the home directory already exists.
Not copying any file from skel directory into it.
15:34:12 [6]: Running "chroot" ("/tmp/calamares-root-nv2qvwd3", "usermod", "-aG", "users,lp,video,network,storage,wheel,audio,lpadmin", "mike") 
15:34:12 [6]: Finished. Exit code: 0 
15:34:12 [6]: Target cmd: ("usermod", "-aG", "users,lp,video,network,storage,wheel,audio,lpadmin", "mike") 
15:34:12 [6]: Target output:

15:34:12 [6]: Running "chroot" ("/tmp/calamares-root-nv2qvwd3", "chown", "-R", "mike:mike", "/home/mike") 
15:35:30 [6]: Finished. Exit code: 0 
15:35:30 [6]: Target cmd: ("chown", "-R", "mike:mike", "/home/mike") 
15:35:30 [6]: Target output:

15:35:30 [6]: Starting job "Establecer contraseña del usuario mike" 
15:35:30 [6]: Running "chroot" ("/tmp/calamares-root-nv2qvwd3", "usermod", "-p", "$6$4iLPsowfjdMQu6Cc$ol9aPT3trBHry86TuIB8jH2mrc31MH5UZUt9jwiFh/2O3pnIs7r96tayoC.qKIolgpuZOQI6dThS0TF1DRNZV0", "mike") 
15:35:31 [6]: Finished. Exit code: 0 
15:35:31 [6]: Target cmd: ("usermod", "-p", "$6$4iLPsowfjdMQu6Cc$ol9aPT3trBHry86TuIB8jH2mrc31MH5UZUt9jwiFh/2O3pnIs7r96tayoC.qKIolgpuZOQI6dThS0TF1DRNZV0", "mike") 
15:35:31 [6]: Target output:

15:35:31 [6]: Starting job "Establecer contraseña del usuario root" 
15:35:31 [6]: Running "chroot" ("/tmp/calamares-root-nv2qvwd3", "usermod", "-p", "$6$l6O9oX8OFNijX2p2$jr1kKEGrIvJw4s25IS3gTv.vexNJtJ0CKBgOypFynVZosdhLMg1rYcoyx6TE.p0db20vBazUGBPlQB2Rmof8c1", "root") 
15:35:32 [6]: Finished. Exit code: 0 
15:35:32 [6]: Target cmd: ("usermod", "-p", "$6$l6O9oX8OFNijX2p2$jr1kKEGrIvJw4s25IS3gTv.vexNJtJ0CKBgOypFynVZosdhLMg1rYcoyx6TE.p0db20vBazUGBPlQB2Rmof8c1", "root") 
15:35:32 [6]: Target output:

15:35:32 [6]: Starting job "Establecer el nombre del equipo mike-notebook" 
15:35:32 [6]: Starting job "networkcfg" 
15:35:32 [6]: Job file "/usr/lib/calamares/modules/networkcfg/main.py" 
15:35:32 [6]: Job description from __doc__ "networkcfg" = "Setup network configuration" 
15:35:32 [6]: Starting job "services" 
15:35:32 [6]: Job file "/usr/lib/calamares/modules/services/main.py" 
15:35:32 [6]: Job description from __doc__ "services" = "Setup systemd services" 
15:35:32 [6]: Running "chroot" ("/tmp/calamares-root-nv2qvwd3", "systemctl", "enable", "NetworkManager.service") 
15:35:32 [6]: Finished. Exit code: 0 
15:35:32 [6]: Target cmd: ("systemctl", "enable", "NetworkManager.service") 
15:35:32 [6]: Target output:

15:35:32 [6]: Running "chroot" ("/tmp/calamares-root-nv2qvwd3", "systemctl", "enable", "org.cups.cupsd.service") 
15:35:32 [6]: Finished. Exit code: 0 
15:35:32 [6]: Target cmd: ("systemctl", "enable", "org.cups.cupsd.service") 
15:35:32 [6]: Target output:

15:35:32 [6]: Running "chroot" ("/tmp/calamares-root-nv2qvwd3", "systemctl", "enable", "graphical.target") 
15:35:32 [6]: Finished. Exit code: 0 
15:35:32 [6]: Target cmd: ("systemctl", "enable", "graphical.target") 
15:35:32 [6]: Target output:
The unit files have no installation config (WantedBy, RequiredBy, Also, Alias
settings in the [Install] section, and DefaultInstance for template units).
This means they are not meant to be enabled using systemctl.
Possible reasons for having this kind of units are:
1) A unit may be statically enabled by being symlinked from another unit's
   .wants/ or .requires/ directory.
2) A unit's purpose may be to act as a helper for some other unit which has
   a requirement dependency on it.
3) A unit may be started when needed via activation (socket, path, timer,
   D-Bus, udev, scripted systemctl call, ...).
4) In case of template units, the unit is meant to be enabled with some
   instance name specified.
15:35:32 [6]: Running "chroot" ("/tmp/calamares-root-nv2qvwd3", "systemctl", "disable", "pacman-init.service") 
15:35:32 [6]: Finished. Exit code: 0 
15:35:32 [6]: Target cmd: ("systemctl", "disable", "pacman-init.service") 
15:35:32 [6]: Target output:
Failed to disable unit, unit pacman-init.service does not exist.
15:35:32 [6]: Starting job "grubconf" 
15:35:32 [6]: Job file "/usr/lib/calamares/modules/grubconf/main.py" 
15:35:32 [6]: Starting job "kdm_sddm" 
15:35:32 [6]: Job file "/usr/lib/calamares/modules/kdm_sddm/main.py" 
15:35:32 [6]: Job description from __doc__ "kdm_sddm" = "Configure display managers" 
15:35:32 [6]: Starting job "userkf5" 
15:35:32 [6]: Job file "/usr/lib/calamares/modules/userkf5/main.py" 
15:35:32 [6]: Job description from __doc__ "userkf5" = "Create Distribution specific settings for users" 
15:35:32 [6]: Running "chroot" ("/tmp/calamares-root-nv2qvwd3", "/usr/bin/mkdir", "-p", "/home/mike/Desktop") 
15:35:32 [6]: Finished. Exit code: 0 
15:35:32 [6]: Target cmd: ("/usr/bin/mkdir", "-p", "/home/mike/Desktop") 
15:35:32 [6]: Target output:

15:35:32 [6]: Running "chroot" ("/tmp/calamares-root-nv2qvwd3", "/usr/bin/mkdir", "-p", "/home/mike/.config") 
15:35:32 [6]: Finished. Exit code: 0 
15:35:32 [6]: Target cmd: ("/usr/bin/mkdir", "-p", "/home/mike/.config") 
15:35:32 [6]: Target output:

15:35:32 [6]: Running "chroot" ("/tmp/calamares-root-nv2qvwd3", "/usr/bin/mkdir", "-p", "/home/mike/.local/share/applications/") 
15:35:32 [6]: Finished. Exit code: 0 
15:35:32 [6]: Target cmd: ("/usr/bin/mkdir", "-p", "/home/mike/.local/share/applications/") 
15:35:32 [6]: Target output:

15:35:32 [6]: Running "chroot" ("/tmp/calamares-root-nv2qvwd3", "/usr/bin/mkdir", "-p", "/home/mike/.local/share/konqueror") 
15:35:32 [6]: Finished. Exit code: 0 
15:35:32 [6]: Target cmd: ("/usr/bin/mkdir", "-p", "/home/mike/.local/share/konqueror") 
15:35:32 [6]: Target output:

15:35:32 [6]: Running "chroot" ("/tmp/calamares-root-nv2qvwd3", "/usr/bin/mkdir", "-p", "/home/mike/.local/share/konsole") 
15:35:32 [6]: Finished. Exit code: 0 
15:35:32 [6]: Target cmd: ("/usr/bin/mkdir", "-p", "/home/mike/.local/share/konsole") 
15:35:32 [6]: Target output:

15:35:32 [6]: Running "chroot" ("/tmp/calamares-root-nv2qvwd3", "/usr/bin/mkdir", "-p", "/home/mike/.config/autostart") 
15:35:32 [6]: Finished. Exit code: 0 
15:35:32 [6]: Target cmd: ("/usr/bin/mkdir", "-p", "/home/mike/.config/autostart") 
15:35:32 [6]: Target output:

15:35:32 [6]: Running "chroot" ("/tmp/calamares-root-nv2qvwd3", "/usr/bin/mkdir", "-p", "/home/mike/.config/plasma-workspace/env") 
15:35:32 [6]: Finished. Exit code: 0 
15:35:32 [6]: Target cmd: ("/usr/bin/mkdir", "-p", "/home/mike/.config/plasma-workspace/env") 
15:35:32 [6]: Target output:

15:35:32 [6]: Running "chroot" ("/tmp/calamares-root-nv2qvwd3", "/usr/bin/mkdir", "-p", "/home/mike/.config/qtcurve") 
15:35:32 [6]: Finished. Exit code: 0 
15:35:32 [6]: Target cmd: ("/usr/bin/mkdir", "-p", "/home/mike/.config/qtcurve") 
15:35:32 [6]: Target output:

15:35:32 [6]: Running "chroot" ("/tmp/calamares-root-nv2qvwd3", "chown", "-R", "mike:users", "/home/mike") 
15:35:49 [6]: Finished. Exit code: 0 
15:35:49 [6]: Target cmd: ("chown", "-R", "mike:users", "/home/mike") 
15:35:49 [6]: Target output:

15:35:49 [6]: Running "chroot" ("/tmp/calamares-root-nv2qvwd3", "setcap", "cap_net_raw=ep", "/usr/bin/ping") 
15:35:49 [6]: Finished. Exit code: 0 
15:35:49 [6]: Target cmd: ("setcap", "cap_net_raw=ep", "/usr/bin/ping") 
15:35:49 [6]: Target output:

15:35:50 [6]: Starting job "driver_cleanup" 
15:35:50 [6]: Job file "/usr/lib/calamares/modules/driver_cleanup/main.py" 
15:35:50 [6]: Job description from __doc__ "driver_cleanup" = "Clean up unused drivers" 
15:35:50 [6]: [PYTHON JOB]:  "  Driver: \"i915\"\n  Driver: \"nouveau\"\n" 
15:35:50 [6]: [PYTHON JOB]:  "  Driver: \"i915\"\n  Driver: \"nouveau\"\n" 
15:35:50 [6]: Running "chroot" ("/tmp/calamares-root-nv2qvwd3", "pacman", "-R", "--noconfirm", "xf86-video-amdgpu") 
15:35:54 [6]: Finished. Exit code: 0 
15:35:54 [6]: Target cmd: ("pacman", "-R", "--noconfirm", "xf86-video-amdgpu") 
15:35:54 [6]: Target output:
checking dependencies...

Package (1)        Old Version  Net Change

xf86-video-amdgpu  18.0.1-1      -0.15 MiB

Total Removed Size:  0.15 MiB

:: Do you want to remove these packages? [Y/n] 
:: Processing package changes...
removing xf86-video-amdgpu...
15:35:54 [6]: Running "chroot" ("/tmp/calamares-root-nv2qvwd3", "pacman", "-R", "--noconfirm", "xf86-video-ati") 
15:35:54 [6]: Finished. Exit code: 0 
15:35:54 [6]: Target cmd: ("pacman", "-R", "--noconfirm", "xf86-video-ati") 
15:35:54 [6]: Target output:
checking dependencies...

Package (1)     Old Version  Net Change

xf86-video-ati  18.0.1-1      -0.50 MiB

Total Removed Size:  0.50 MiB

:: Do you want to remove these packages? [Y/n] 
:: Processing package changes...
removing xf86-video-ati...
15:35:54 [6]: Running "chroot" ("/tmp/calamares-root-nv2qvwd3", "pacman", "-R", "--noconfirm", "xf86-video-vmware") 
15:35:54 [6]: Finished. Exit code: 0 
15:35:54 [6]: Target cmd: ("pacman", "-R", "--noconfirm", "xf86-video-vmware") 
15:35:54 [6]: Target output:
checking dependencies...

Package (1)        Old Version  Net Change

xf86-video-vmware  13.3.0-1      -0.18 MiB

Total Removed Size:  0.18 MiB

:: Do you want to remove these packages? [Y/n] 
:: Processing package changes...
removing xf86-video-vmware...
15:35:54 [6]: Running "chroot" ("/tmp/calamares-root-nv2qvwd3", "pacman", "-Rncs", "--noconfirm", "xf86-input-wacom") 
15:35:59 [6]: Finished. Exit code: 0 
15:35:59 [6]: Target cmd: ("pacman", "-Rncs", "--noconfirm", "xf86-input-wacom") 
15:35:59 [6]: Target output:
checking dependencies...

Package (2)       Old Version  Net Change

wacomtablet       3.0.0-1       -3.09 MiB
xf86-input-wacom  0.36.1-1      -0.22 MiB

Total Removed Size:  3.31 MiB

:: Do you want to remove these packages? [Y/n] 
:: Processing package changes...
removing wacomtablet...
removing xf86-input-wacom...
:: Running post-transaction hooks...
(1/1) Updating the desktop file MIME type cache...
15:35:59 [6]: Starting job "nonfree_drivers" 
15:35:59 [6]: Job file "/usr/lib/calamares/modules/nonfree_drivers/main.py" 
15:35:59 [6]: Job description from __doc__ "nonfree_drivers" = "Setup graphics drivers and sound" 
15:35:59 [6]: Starting job "package_removal" 
15:35:59 [6]: Job file "/usr/lib/calamares/modules/package_removal/main.py" 
15:35:59 [6]: Job description from __doc__ "package_removal" = "Package removal module. Live only packages, surplus language packs" 
15:35:59 [6]: Running "chroot" ("/tmp/calamares-root-nv2qvwd3", "pacman", "-Rns", "--noconfirm", "calamares", "calamares-debug", "console-setup") 
15:36:01 [6]: Finished. Exit code: 0 
15:36:01 [6]: Target cmd: ("pacman", "-Rns", "--noconfirm", "calamares", "calamares-debug", "console-setup") 
15:36:01 [6]: Target output:
checking dependencies...

Package (4)      Old Version  Net Change

yaml-cpp         0.6.2-1       -0.58 MiB
calamares        3.2.0-3       -8.48 MiB
calamares-debug  3.2.0-3      -49.56 MiB
console-setup    1.167-1       -0.14 MiB

Total Removed Size:  58.76 MiB

:: Do you want to remove these packages? [Y/n] 
:: Processing package changes...
removing console-setup...
removing calamares-debug...
removing calamares...
removing yaml-cpp...
:: Running post-transaction hooks...
(1/1) Updating the desktop file MIME type cache...
15:36:01 [6]: Running "chroot" ("/tmp/calamares-root-nv2qvwd3", "pacman", "-Rns", "--noconfirm", "welcome") 
15:36:01 [6]: Finished. Exit code: 0 
15:36:01 [6]: Target cmd: ("pacman", "-Rns", "--noconfirm", "welcome") 
15:36:01 [6]: Target output:
checking dependencies...

Package (1)  Old Version  Net Change

welcome      6.4-1         -2.95 MiB

Total Removed Size:  2.95 MiB

:: Do you want to remove these packages? [Y/n] 
:: Processing package changes...
removing welcome...
:: Running post-transaction hooks...
(1/1) Updating the desktop file MIME type cache...
15:36:01 [6]: Running "chroot" ("/tmp/calamares-root-nv2qvwd3", "pacman", "-Rns", "--noconfirm", "hardware-detection") 
15:36:02 [6]: Finished. Exit code: 0 
15:36:02 [6]: Target cmd: ("pacman", "-Rns", "--noconfirm", "hardware-detection") 
15:36:02 [6]: Target output:
checking dependencies...

Package (4)         Old Version  Net Change

khd-nvidia          396.24-5       0.00 MiB
khd-nvidia-340xx    340.107-1      0.00 MiB
khd-nvidia-390xx    390.67-2       0.00 MiB
hardware-detection  20180618-1    -0.06 MiB

Total Removed Size:  0.06 MiB

:: Do you want to remove these packages? [Y/n] 
:: Processing package changes...
removing hardware-detection...
removing khd-nvidia-390xx...
removing khd-nvidia-340xx...
removing khd-nvidia...
15:36:02 [6]: Running "chroot" ("/tmp/calamares-root-nv2qvwd3", "pacman", "-R", "--noconfirm", "init-live") 
15:36:02 [6]: Finished. Exit code: 0 
15:36:02 [6]: Target cmd: ("pacman", "-R", "--noconfirm", "init-live") 
15:36:02 [6]: Target output:
checking dependencies...

Package (1)  Old Version  Net Change

init-live    2017.03-2     -0.03 MiB

Total Removed Size:  0.03 MiB

:: Do you want to remove these packages? [Y/n] 
:: Processing package changes...
removing init-live...
Disabling systemd service
Removed /etc/systemd/system/multi-user.target.wants/live.service.
15:36:02 [6]: Running "chroot" ("/tmp/calamares-root-nv2qvwd3", "pacman", "-Rncs", "--noconfirm", "grub") 
15:36:19 [6]: Finished. Exit code: 0 
15:36:19 [6]: Target cmd: ("pacman", "-Rncs", "--noconfirm", "grub") 
15:36:19 [6]: Target output:
checking dependencies...

Package (3)       Old Version  Net Change

grub-theme-midna  3.1-1         -0.76 MiB
grub2-editor      0.7.1-4       -1.19 MiB
grub              2.02-3       -27.44 MiB

Total Removed Size:  29.39 MiB

:: Do you want to remove these packages? [Y/n] 
:: Running pre-transaction hooks...
(1/1) Removing old entries from the info directory file...
:: Processing package changes...
removing grub2-editor...
removing grub-theme-midna...
removing grub...
15:36:19 [6]: Running "chroot" ("/tmp/calamares-root-nv2qvwd3", "pacman", "-R", "--noconfirm", "virtualbox-guest-utils", "virtualbox-guest-modules") 
15:36:38 [6]: Finished. Exit code: 0 
15:36:38 [6]: Target cmd: ("pacman", "-R", "--noconfirm", "virtualbox-guest-utils", "virtualbox-guest-modules") 
15:36:38 [6]: Target output:
checking dependencies...

Package (2)               Old Version  Net Change

virtualbox-guest-modules  5.2.12-3      -0.69 MiB
virtualbox-guest-utils    5.2.12-1      -7.47 MiB

Total Removed Size:  8.16 MiB

:: Do you want to remove these packages? [Y/n] 
:: Processing package changes...
removing virtualbox-guest-utils...
removing virtualbox-guest-modules...
Unloading modules:
15:36:38 [6]: Starting job "bootldr" 
15:36:38 [6]: Job file "/usr/lib/calamares/modules/bootldr/main.py" 
15:36:38 [6]: [PYTHON JOB]:  "ab4ce4af-5860-460e-bbf9-492b4da58f99" 
15:36:38 [6]: [PYTHON JOB]:  "/dev/sda1" 

***************************************************************
Found invalid GPT and valid MBR; converting MBR to GPT format
in memory. 
***************************************************************

Non-GPT disk; not saving changes. Use -g to override.
15:36:39 [6]: Python Error:
 <class 'FileNotFoundError'> 
 [Errno 2] No such file or directory: '/tmp/calamares-root-nv2qvwd3/boot/loader/entries/KaOS_2018.06.conf' 
 File "/usr/lib/calamares/modules/bootldr/main.py", line 222, in run
    install_bootloader(boot_loader, fw_type)

  File "/usr/lib/calamares/modules/bootldr/main.py", line 203, in install_bootloader
    create_conf(uuid, conf_path)

  File "/usr/lib/calamares/modules/bootldr/main.py", line 97, in create_conf
    with open(conf_path, 'w') as f: 
 
15:36:39 [1]: ERROR: Installation failed: 
15:36:39 [6]: - message: "Error de Boost.Python en la tarea \"bootldr\"." 
15:36:39 [6]: - details: "<div><strong>&lt;class 'FileNotFoundError'&gt;</strong></div><div>[Errno 2] No such file or directory: '/tmp/calamares-root-nv2qvwd3/boot/loader/entries/KaOS_2018.06.conf'</div><div><br/>Traceback:</div><div><pre>File &quot;/usr/lib/calamares/modules/bootldr/main.py&quot;, line 222, in run\n    install_bootloader(boot_loader, fw_type)\n\n  File &quot;/usr/lib/calamares/modules/bootldr/main.py&quot;, line 203, in install_bootloader\n    create_conf(uuid, conf_path)\n\n  File &quot;/usr/lib/calamares/modules/bootldr/main.py&quot;, line 97, in create_conf\n    with open(conf_path, 'w') as f:</pre></div>" 
15:36:39 [6]: Calamares will quit when the dialog closes. 
15:36:39 [6]: FinishedPage::setUpRestart() 
